<?xml version="1.0" encoding="UTF-8"?>
<!-- Generated by org.testng.reporters.JUnitXMLReporter -->
<testsuite hostname="Nancys-MacBook-Pro.local" ignored="0" name="Command line test" tests="1" failures="0" timestamp="23 Mar 2019 23:43:18 GMT" time="0.131" errors="0">
  <testcase name="@BeforeMethod setUp" time="0.097" classname="base.MainAPI">
    <failure type="java.lang.IllegalStateException" message="The driver executable does not exist: /Users/nancyrashid/IdeaProjects/Group4ProjectWebAutomation/WalMart/../generic/browser-driver/chromedriver">
      <![CDATA[java.lang.IllegalStateException: The driver executable does not exist: /Users/nancyrashid/IdeaProjects/Group4ProjectWebAutomation/WalMart/../generic/browser-driver/chromedriver
at com.google.common.base.Preconditions.checkState(Preconditions.java:585)
at org.openqa.selenium.remote.service.DriverService.checkExecutable(DriverService.java:137)
at org.openqa.selenium.remote.service.DriverService.findExecutable(DriverService.java:132)
at org.openqa.selenium.chrome.ChromeDriverService.access$000(ChromeDriverService.java:35)
at org.openqa.selenium.chrome.ChromeDriverService$Builder.findDefaultExecutable(ChromeDriverService.java:156)
at org.openqa.selenium.remote.service.DriverService$Builder.build(DriverService.java:346)
at org.openqa.selenium.chrome.ChromeDriverService.createDefaultService(ChromeDriverService.java:91)
at org.openqa.selenium.chrome.ChromeDriver.<init>(ChromeDriver.java:157)
at base.MainAPI.getLocalDriver(MainAPI.java:82)
at base.MainAPI.setUp(MainAPI.java:55)
... Removed 37 stack frames]]>
    </failure>
  </testcase> <!-- @BeforeMethod setUp -->
  <testcase name="@AfterMethod cleanUp" time="0.0" classname="base.MainAPI">
    <skipped/>
  </testcase> <!-- @AfterMethod cleanUp -->
  <testcase name="search" time="0.0" classname="pages.TestWalmartHome">
    <skipped/>
  </testcase> <!-- search -->
</testsuite> <!-- Command line test -->
